<?xml version="1.0" encoding="UTF-8"?>
<testsuite name="linter.AppTest" tests="1" skipped="0" failures="0" errors="0" timestamp="2021-07-27T17:41:42" hostname="IBA-LENOVO" time="0.026">
  <properties/>
  <testcase name="testJsLinter()" classname="linter.AppTest" time="0.026"/>
  <system-out><![CDATA[]]></system-out>
  <system-err><![CDATA[]]></system-err>
</testsuite>
